[debug] [2019-10-26T19:19:11.313Z] ----------------------------------------------------------------------
[debug] [2019-10-26T19:19:11.315Z] Command:       /usr/local/Cellar/node/11.0.0/bin/node /usr/local/bin/firebase serve
[debug] [2019-10-26T19:19:11.315Z] CLI Version:   6.2.2
[debug] [2019-10-26T19:19:11.315Z] Platform:      darwin
[debug] [2019-10-26T19:19:11.315Z] Node Version:  v11.0.0
[debug] [2019-10-26T19:19:11.316Z] Time:          Sat Oct 26 2019 21:19:11 GMT+0200 (centraleuropeisk sommartid)
[debug] [2019-10-26T19:19:11.316Z] ----------------------------------------------------------------------
[debug] 
[debug] [2019-10-26T19:19:11.324Z] > command requires scopes: ["email","openid","https://www.googleapis.com/auth/cloudplatformprojects.readonly","https://www.googleapis.com/auth/firebase","https://www.googleapis.com/auth/cloud-platform"]
[debug] [2019-10-26T19:19:11.324Z] > authorizing via signed-in user
[debug] [2019-10-26T19:19:11.324Z] [iam] checking project elm-yatzy-dev for permissions ["firebase.projects.get"]
[debug] [2019-10-26T19:19:11.325Z] >>> HTTP REQUEST POST https://cloudresourcemanager.googleapis.com/v1/projects/elm-yatzy-dev:testIamPermissions  

[debug] [2019-10-26T19:19:12.254Z] <<< HTTP RESPONSE 200
[debug] [2019-10-26T19:19:12.255Z] >>> HTTP REQUEST GET https://cloudresourcemanager.googleapis.com/v1/projects/elm-yatzy-dev  
 
[debug] [2019-10-26T19:19:13.141Z] <<< HTTP RESPONSE 200
[info] 
[info] === Serving from '/Users/sophie/Projekt/elm-yatzy'...
[info] 
[info] i  functions: Preparing to emulate functions.
[debug] [2019-10-26T19:19:13.553Z] Fetching environment
[debug] [2019-10-26T19:19:13.555Z] >>> HTTP REQUEST GET https://mobilesdk-pa.googleapis.com/v1/projects/1043620768761:getServerAppConfig  
 
[debug] [2019-10-26T19:19:13.751Z] <<< HTTP RESPONSE 200
[debug] [2019-10-26T19:19:13.752Z] Starting @google-cloud/functions-emulator
[debug] [2019-10-26T19:19:14.814Z] Parsing function triggers
[info] ✔  functions: test: http://localhost:5000/elm-yatzy-dev/us-central1/test
[info] ✔  functions: createNewGame: http://localhost:5000/elm-yatzy-dev/us-central1/createNewGame
